2023-10-16 14:59:39,907 UTC DEBUG    builtins        Headers before feature: {'Authorization': 'Bearer 7357cc39152295c3c4e1e568f90e1e1dc4a04f6a'}
2023-10-16 14:59:39,914 UTC INFO     utils.rest_client Method Name: get
2023-10-16 14:59:39,914 UTC INFO     utils.rest_client Endpoint (URL): https://api.todoist.com/rest/v2/projects
2023-10-16 14:59:40,909 UTC INFO     utils.rest_client Status code: 200
2023-10-16 14:59:40,909 UTC DEBUG    utils.rest_client Request: {'User-Agent': 'python-requests/2.31.0', 'Accept-Encoding': 'gzip, deflate', 'Accept': '*/*', 'Connection': 'keep-alive', 'Authorization': 'Bearer 7357cc39152295c3c4e1e568f90e1e1dc4a04f6a'}
2023-10-16 14:59:40,919 UTC INFO     utils.rest_client Response: [
	{
		"id": "2319574915",
		"parent_id": null,
		"order": 0,
		"color": "charcoal",
		"name": "Inbox",
		"comment_count": 0,
		"is_shared": false,
		"is_favorite": false,
		"is_inbox_project": true,
		"is_team_inbox": false,
		"url": "https://todoist.com/showProject?id=2319574915",
		"view_style": "list"
	},
	{
		"id": "2321526644",
		"parent_id": null,
		"order": 4,
		"color": "charcoal",
		"name": "Project 2",
		"comment_count": 0,
		"is_shared": false,
		"is_favorite": false,
		"is_inbox_project": false,
		"is_team_inbox": false,
		"url": "https://todoist.com/showProject?id=2321526644",
		"view_style": "list"
	}
]

2023-10-16 14:59:40,919 UTC DEBUG    builtins        {'body': [{'id': '2319574915', 'parent_id': None, 'order': 0, 'color': 'charcoal', 'name': 'Inbox', 'comment_count': 0, 'is_shared': False, 'is_favorite': False, 'is_inbox_project': True, 'is_team_inbox': False, 'url': 'https://todoist.com/showProject?id=2319574915', 'view_style': 'list'}, {'id': '2321526644', 'parent_id': None, 'order': 4, 'color': 'charcoal', 'name': 'Project 2', 'comment_count': 0, 'is_shared': False, 'is_favorite': False, 'is_inbox_project': False, 'is_team_inbox': False, 'url': 'https://todoist.com/showProject?id=2321526644', 'view_style': 'list'}], 'headers': {'Content-Type': 'application/json', 'Content-Length': '626', 'Connection': 'keep-alive', 'Date': 'Mon, 16 Oct 2023 18:59:40 GMT', 'Access-Control-Allow-Credentials': 'false', 'Access-Control-Allow-Origin': '*', 'Referrer-Policy': 'strict-origin-when-cross-origin', 'Server': 'gunicorn', 'Set-Cookie': 'csrf=a9ad465b3fe24dfc9dd1bf4406bd27a3; Expires=Thu, 13-Oct-2033 18:59:40 GMT; Secure; Path=/; SameSite=None, tduser=v4.public.eyJ1c2VyX2lkIjogNDU2ODEzMTksICJleHAiOiAiMjAyMy0xMC0zMFQxODo1OTo0MCswMDowMCJ97oNzvj5VEKjpOI4om1dXR81aPaZpxAqm5g7HRBPSQX360kYen_sOtq6hrGNbrSrIOmSR2Dys_nQ_pj2PSODhBQ; Domain=.todoist.com; Expires=Mon, 30-Oct-2023 18:59:40 GMT; Max-Age=1209600; Secure; HttpOnly; Path=/', 'Strict-Transport-Security': 'max-age=31536000; includeSubDomains; preload', 'Vary': 'Accept-Encoding', 'X-Cache': 'Miss from cloudfront', 'Via': '1.1 a78b883f23f1e844073a5e759e24430c.cloudfront.net (CloudFront)', 'X-Amz-Cf-Pop': 'SCL51-P2', 'X-Amz-Cf-Id': 'ksuesebTXoWDvermfwbIlRbbK8CcWrO0UzMzKO99Zii0M3i8Kb9kOw=='}, 'status': 200}
2023-10-16 14:59:40,927 UTC DEBUG    builtins        Scenario tags: ['ttt']
2023-10-16 14:59:40,927 UTC DEBUG    builtins        Scenario Name: Verify GET all sections is returning all data correctly
2023-10-16 14:59:40,927 UTC DEBUG    builtins        HEADERS: {'Authorization': 'Bearer 7357cc39152295c3c4e1e568f90e1e1dc4a04f6a'}
2023-10-16 14:59:40,927 UTC DEBUG    builtins        URL: https://api.todoist.com/rest/v2/
2023-10-16 14:59:40,927 UTC INFO     utils.rest_client Method Name: get
2023-10-16 14:59:40,927 UTC INFO     utils.rest_client Endpoint (URL): https://api.todoist.com/rest/v2/sections
2023-10-16 14:59:41,730 UTC INFO     utils.rest_client Status code: 200
2023-10-16 14:59:41,730 UTC DEBUG    utils.rest_client Request: {'User-Agent': 'python-requests/2.31.0', 'Accept-Encoding': 'gzip, deflate', 'Accept': '*/*', 'Connection': 'keep-alive', 'Authorization': 'Bearer 7357cc39152295c3c4e1e568f90e1e1dc4a04f6a', 'Cookie': 'tduser=v4.public.eyJ1c2VyX2lkIjogNDU2ODEzMTksICJleHAiOiAiMjAyMy0xMC0zMFQxODo1OTo0MCswMDowMCJ97oNzvj5VEKjpOI4om1dXR81aPaZpxAqm5g7HRBPSQX360kYen_sOtq6hrGNbrSrIOmSR2Dys_nQ_pj2PSODhBQ; csrf=a9ad465b3fe24dfc9dd1bf4406bd27a3'}
2023-10-16 14:59:41,730 UTC INFO     utils.rest_client Response: [
	{
		"id": "136247862",
		"project_id": "2321526644",
		"order": 1,
		"name": "Edited Section"
	},
	{
		"id": "136254332",
		"project_id": "2321526644",
		"order": 2,
		"name": "Section 2"
	}
]

2023-10-16 14:59:41,735 UTC DEBUG    builtins        Response: {'body': [{'id': '136247862', 'project_id': '2321526644', 'order': 1, 'name': 'Edited Section'}, {'id': '136254332', 'project_id': '2321526644', 'order': 2, 'name': 'Section 2'}], 'headers': {'Content-Type': 'application/json', 'Content-Length': '196', 'Connection': 'keep-alive', 'Date': 'Mon, 16 Oct 2023 18:59:41 GMT', 'Access-Control-Allow-Credentials': 'false', 'Access-Control-Allow-Origin': '*', 'Referrer-Policy': 'strict-origin-when-cross-origin', 'Server': 'gunicorn', 'Strict-Transport-Security': 'max-age=31536000; includeSubDomains; preload', 'Vary': 'Accept-Encoding', 'X-Cache': 'Miss from cloudfront', 'Via': '1.1 a78b883f23f1e844073a5e759e24430c.cloudfront.net (CloudFront)', 'X-Amz-Cf-Pop': 'SCL51-P2', 'X-Amz-Cf-Id': '1DomJdhKu7ogmMe4cMvAzs_FGZJJJFF2YLHrRWupI0K1NlqnNeRXhw=='}, 'status': 200}
2023-10-16 14:59:41,735 UTC DEBUG    builtins        Status code from response: 200
2023-10-16 14:59:41,735 UTC DEBUG    builtins        Status code param: <class 'int'>
2023-10-16 14:59:41,735 UTC DEBUG    builtins        Status code response: <class 'int'>
