2023-10-18 11:50:58,530 UTC DEBUG    builtins        Headers before feature: {'Authorization': 'Bearer 7357cc39152295c3c4e1e568f90e1e1dc4a04f6a'}
2023-10-18 11:50:58,530 UTC INFO     utils.rest_client Method Name: get
2023-10-18 11:50:58,530 UTC INFO     utils.rest_client Endpoint (URL): https://api.todoist.com/rest/v2/projects
2023-10-18 11:50:59,428 UTC INFO     utils.rest_client Status code: 200
2023-10-18 11:50:59,437 UTC DEBUG    utils.rest_client Request: {'User-Agent': 'python-requests/2.31.0', 'Accept-Encoding': 'gzip, deflate', 'Accept': '*/*', 'Connection': 'keep-alive', 'Authorization': 'Bearer 7357cc39152295c3c4e1e568f90e1e1dc4a04f6a'}
2023-10-18 11:50:59,438 UTC INFO     utils.rest_client Response: [
	{
		"id": "2319574915",
		"parent_id": null,
		"order": 0,
		"color": "charcoal",
		"name": "Inbox",
		"comment_count": 0,
		"is_shared": false,
		"is_favorite": false,
		"is_inbox_project": true,
		"is_team_inbox": false,
		"url": "https://todoist.com/showProject?id=2319574915",
		"view_style": "list"
	},
	{
		"id": "2321526644",
		"parent_id": null,
		"order": 4,
		"color": "charcoal",
		"name": "Project 2",
		"comment_count": 0,
		"is_shared": false,
		"is_favorite": false,
		"is_inbox_project": false,
		"is_team_inbox": false,
		"url": "https://todoist.com/showProject?id=2321526644",
		"view_style": "list"
	}
]

2023-10-18 11:50:59,448 UTC DEBUG    builtins        {'body': [{'id': '2319574915', 'parent_id': None, 'order': 0, 'color': 'charcoal', 'name': 'Inbox', 'comment_count': 0, 'is_shared': False, 'is_favorite': False, 'is_inbox_project': True, 'is_team_inbox': False, 'url': 'https://todoist.com/showProject?id=2319574915', 'view_style': 'list'}, {'id': '2321526644', 'parent_id': None, 'order': 4, 'color': 'charcoal', 'name': 'Project 2', 'comment_count': 0, 'is_shared': False, 'is_favorite': False, 'is_inbox_project': False, 'is_team_inbox': False, 'url': 'https://todoist.com/showProject?id=2321526644', 'view_style': 'list'}], 'headers': {'Content-Type': 'application/json', 'Content-Length': '626', 'Connection': 'keep-alive', 'Date': 'Wed, 18 Oct 2023 15:50:59 GMT', 'Access-Control-Allow-Credentials': 'false', 'Access-Control-Allow-Origin': '*', 'Referrer-Policy': 'strict-origin-when-cross-origin', 'Server': 'gunicorn', 'Set-Cookie': 'csrf=ec8771e4c4aa444595a53daab9440c28; Expires=Sat, 15-Oct-2033 15:50:58 GMT; Secure; Path=/; SameSite=None, tduser=v4.public.eyJ1c2VyX2lkIjogNDU2ODEzMTksICJleHAiOiAiMjAyMy0xMS0wMVQxNTo1MDo1OSswMDowMCJ9RMKOcQ4OJr0DhYDxAk0EW_LVKUYmIVurn0FqPaV39hUZYaHmTXrRzpS95vN4aJiwpWLbJIWJPrCHWVIKL4c0DA; Domain=.todoist.com; Expires=Wed, 01-Nov-2023 15:50:59 GMT; Max-Age=1209600; Secure; HttpOnly; Path=/', 'Strict-Transport-Security': 'max-age=31536000; includeSubDomains; preload', 'Vary': 'Accept-Encoding', 'X-Cache': 'Miss from cloudfront', 'Via': '1.1 b19fb79e44eb13a0a19db64dcbab6bbe.cloudfront.net (CloudFront)', 'X-Amz-Cf-Pop': 'SCL51-P4', 'X-Amz-Cf-Id': 'BA-0otp5XOcTmPsgNsMtVfUeoApzeYZ-e9NGig4EHdiev1l34GaV_A=='}, 'status': 200}
2023-10-18 11:50:59,458 UTC DEBUG    builtins        Before feature
2023-10-18 11:50:59,458 UTC DEBUG    builtins        Scenario tags: ['task_id']
2023-10-18 11:50:59,458 UTC DEBUG    builtins        Scenario Name: Verify GET all comments from a task is returning all data correctly
2023-10-18 11:50:59,458 UTC INFO     utils.rest_client Method Name: post
2023-10-18 11:50:59,458 UTC INFO     utils.rest_client Endpoint (URL): https://api.todoist.com/rest/v2/tasks
2023-10-18 11:51:00,168 UTC INFO     utils.rest_client Status code: 200
2023-10-18 11:51:00,173 UTC DEBUG    utils.rest_client Request: {'User-Agent': 'python-requests/2.31.0', 'Accept-Encoding': 'gzip, deflate', 'Accept': '*/*', 'Connection': 'keep-alive', 'Authorization': 'Bearer 7357cc39152295c3c4e1e568f90e1e1dc4a04f6a', 'Cookie': 'tduser=v4.public.eyJ1c2VyX2lkIjogNDU2ODEzMTksICJleHAiOiAiMjAyMy0xMS0wMVQxNTo1MDo1OSswMDowMCJ9RMKOcQ4OJr0DhYDxAk0EW_LVKUYmIVurn0FqPaV39hUZYaHmTXrRzpS95vN4aJiwpWLbJIWJPrCHWVIKL4c0DA; csrf=ec8771e4c4aa444595a53daab9440c28', 'Content-Length': '85', 'Content-Type': 'application/x-www-form-urlencoded'}
2023-10-18 11:51:00,173 UTC INFO     utils.rest_client Response: {
	"id": "7329063798",
	"assigner_id": null,
	"assignee_id": null,
	"project_id": "2319574915",
	"section_id": null,
	"parent_id": null,
	"order": 4,
	"content": "Task created in feature",
	"description": "",
	"is_completed": false,
	"labels": [],
	"priority": 4,
	"comment_count": 0,
	"creator_id": "45681319",
	"created_at": "2023-10-18T15:50:59.594221Z",
	"due": {
		"date": "2023-10-19",
		"string": "tomorrow at 11:00",
		"lang": "en",
		"is_recurring": false,
		"datetime": "2023-10-19T11:00:00"
	},
	"url": "https://todoist.com/showTask?id=7329063798",
	"duration": null
}

2023-10-18 11:51:00,178 UTC DEBUG    builtins        Task id created: 7329063798
2023-10-18 11:51:00,178 UTC DEBUG    builtins        HEADERS: {'Authorization': 'Bearer 7357cc39152295c3c4e1e568f90e1e1dc4a04f6a'}
2023-10-18 11:51:00,178 UTC DEBUG    builtins        URL: https://api.todoist.com/rest/v2/
2023-10-18 11:51:00,178 UTC INFO     utils.rest_client Method Name: get
2023-10-18 11:51:00,178 UTC INFO     utils.rest_client Endpoint (URL): https://api.todoist.com/rest/v2/comments/None
2023-10-18 11:51:00,938 UTC ERROR    utils.rest_client HTTP error: 404 Client Error: Not Found for url: https://api.todoist.com/rest/v2/comments/None
2023-10-18 11:51:00,938 UTC DEBUG    builtins        Response: {'body': {'msg': 'Comment not found'}, 'headers': {'Content-Type': 'text/plain; charset=utf-8', 'Content-Length': '17', 'Connection': 'keep-alive', 'Date': 'Wed, 18 Oct 2023 15:51:00 GMT', 'Access-Control-Allow-Credentials': 'false', 'Access-Control-Allow-Origin': '*', 'Referrer-Policy': 'strict-origin-when-cross-origin', 'Server': 'gunicorn', 'Strict-Transport-Security': 'max-age=31536000; includeSubDomains; preload', 'Vary': 'Accept-Encoding', 'X-Cache': 'Error from cloudfront', 'Via': '1.1 b19fb79e44eb13a0a19db64dcbab6bbe.cloudfront.net (CloudFront)', 'X-Amz-Cf-Pop': 'SCL51-P4', 'X-Amz-Cf-Id': 'P5Dwc-GEbBqM7pN66g5VWYyR0YzPb39AEW9_eTG32QOQbCDxOwGyKg=='}, 'status': 404}
2023-10-18 11:51:00,948 UTC DEBUG    builtins        Status code from response: 404
2023-10-18 11:51:00,948 UTC DEBUG    builtins        Status code param: <class 'int'>
2023-10-18 11:51:00,948 UTC DEBUG    builtins        Status code response: <class 'int'>
2023-10-18 11:51:00,948 UTC DEBUG    builtins        Scenario tags: []
2023-10-18 11:51:00,948 UTC DEBUG    builtins        Scenario Name: Verify GET one comments is returning all data correctly
2023-10-18 11:51:00,948 UTC DEBUG    builtins        HEADERS: {'Authorization': 'Bearer 7357cc39152295c3c4e1e568f90e1e1dc4a04f6a'}
2023-10-18 11:51:00,958 UTC DEBUG    builtins        URL: https://api.todoist.com/rest/v2/
2023-10-18 11:51:00,958 UTC INFO     utils.rest_client Method Name: get
2023-10-18 11:51:00,958 UTC INFO     utils.rest_client Endpoint (URL): https://api.todoist.com/rest/v2/comments/None
2023-10-18 11:51:01,528 UTC ERROR    utils.rest_client HTTP error: 404 Client Error: Not Found for url: https://api.todoist.com/rest/v2/comments/None
2023-10-18 11:51:01,535 UTC DEBUG    builtins        Response: {'body': {'msg': 'Comment not found'}, 'headers': {'Content-Type': 'text/plain; charset=utf-8', 'Content-Length': '17', 'Connection': 'keep-alive', 'Date': 'Wed, 18 Oct 2023 15:51:01 GMT', 'Access-Control-Allow-Credentials': 'false', 'Access-Control-Allow-Origin': '*', 'Referrer-Policy': 'strict-origin-when-cross-origin', 'Server': 'gunicorn', 'Strict-Transport-Security': 'max-age=31536000; includeSubDomains; preload', 'Vary': 'Accept-Encoding', 'X-Cache': 'Error from cloudfront', 'Via': '1.1 b19fb79e44eb13a0a19db64dcbab6bbe.cloudfront.net (CloudFront)', 'X-Amz-Cf-Pop': 'SCL51-P4', 'X-Amz-Cf-Id': 'PkTIswIFjVxyIcvT2oCmL0a5_6rri-SycygCruOvO3zDwUBDrMZIjg=='}, 'status': 404}
2023-10-18 11:51:01,538 UTC DEBUG    builtins        Status code from response: 404
2023-10-18 11:51:01,543 UTC DEBUG    builtins        Status code param: <class 'int'>
2023-10-18 11:51:01,543 UTC DEBUG    builtins        Status code response: <class 'int'>
2023-10-18 11:51:01,543 UTC DEBUG    builtins        Scenario tags: ['task_id']
2023-10-18 11:51:01,548 UTC DEBUG    builtins        Scenario Name: Verify POST comment endpoint creates a comment with the name provided
2023-10-18 11:51:01,548 UTC INFO     utils.rest_client Method Name: post
2023-10-18 11:51:01,548 UTC INFO     utils.rest_client Endpoint (URL): https://api.todoist.com/rest/v2/tasks
2023-10-18 11:51:02,573 UTC INFO     utils.rest_client Status code: 200
2023-10-18 11:51:02,578 UTC DEBUG    utils.rest_client Request: {'User-Agent': 'python-requests/2.31.0', 'Accept-Encoding': 'gzip, deflate', 'Accept': '*/*', 'Connection': 'keep-alive', 'Authorization': 'Bearer 7357cc39152295c3c4e1e568f90e1e1dc4a04f6a', 'Cookie': 'tduser=v4.public.eyJ1c2VyX2lkIjogNDU2ODEzMTksICJleHAiOiAiMjAyMy0xMS0wMVQxNTo1MDo1OSswMDowMCJ9RMKOcQ4OJr0DhYDxAk0EW_LVKUYmIVurn0FqPaV39hUZYaHmTXrRzpS95vN4aJiwpWLbJIWJPrCHWVIKL4c0DA; csrf=ec8771e4c4aa444595a53daab9440c28', 'Content-Length': '85', 'Content-Type': 'application/x-www-form-urlencoded'}
2023-10-18 11:51:02,578 UTC INFO     utils.rest_client Response: {
	"id": "7329063876",
	"assigner_id": null,
	"assignee_id": null,
	"project_id": "2319574915",
	"section_id": null,
	"parent_id": null,
	"order": 5,
	"content": "Task created in feature",
	"description": "",
	"is_completed": false,
	"labels": [],
	"priority": 4,
	"comment_count": 0,
	"creator_id": "45681319",
	"created_at": "2023-10-18T15:51:01.895060Z",
	"due": {
		"date": "2023-10-19",
		"string": "tomorrow at 11:00",
		"lang": "en",
		"is_recurring": false,
		"datetime": "2023-10-19T11:00:00"
	},
	"url": "https://todoist.com/showTask?id=7329063876",
	"duration": null
}

2023-10-18 11:51:02,578 UTC DEBUG    builtins        Task id created: 7329063876
2023-10-18 11:51:02,578 UTC DEBUG    builtins        HEADERS: {'Authorization': 'Bearer 7357cc39152295c3c4e1e568f90e1e1dc4a04f6a'}
2023-10-18 11:51:02,578 UTC DEBUG    builtins        URL: https://api.todoist.com/rest/v2/
2023-10-18 11:51:02,578 UTC DEBUG    builtins        JSON: {
"task_id": "task_id",
"content": "Need one bottle of milk",
}
2023-10-18 11:51:02,588 UTC DEBUG    builtins        Scenario tags: ['comment_id']
2023-10-18 11:51:02,588 UTC DEBUG    builtins        Scenario Name: Verify DELETE comment endpoint creates a comment with the name provided
2023-10-18 11:51:02,588 UTC DEBUG    builtins        HEADERS: {'Authorization': 'Bearer 7357cc39152295c3c4e1e568f90e1e1dc4a04f6a'}
2023-10-18 11:51:02,588 UTC DEBUG    builtins        URL: https://api.todoist.com/rest/v2/
2023-10-18 11:51:02,593 UTC INFO     utils.rest_client Method Name: delete
2023-10-18 11:51:02,593 UTC INFO     utils.rest_client Endpoint (URL): https://api.todoist.com/rest/v2/comments/None
2023-10-18 11:51:02,818 UTC INFO     utils.rest_client Status code: 204
2023-10-18 11:51:02,818 UTC DEBUG    utils.rest_client Request: {'User-Agent': 'python-requests/2.31.0', 'Accept-Encoding': 'gzip, deflate', 'Accept': '*/*', 'Connection': 'keep-alive', 'Authorization': 'Bearer 7357cc39152295c3c4e1e568f90e1e1dc4a04f6a', 'Cookie': 'tduser=v4.public.eyJ1c2VyX2lkIjogNDU2ODEzMTksICJleHAiOiAiMjAyMy0xMS0wMVQxNTo1MDo1OSswMDowMCJ9RMKOcQ4OJr0DhYDxAk0EW_LVKUYmIVurn0FqPaV39hUZYaHmTXrRzpS95vN4aJiwpWLbJIWJPrCHWVIKL4c0DA; csrf=ec8771e4c4aa444595a53daab9440c28', 'Content-Length': '0'}
2023-10-18 11:51:02,822 UTC INFO     utils.rest_client Response: 
2023-10-18 11:51:02,822 UTC DEBUG    builtins        Response: {'body': {'msg': 'No body content'}, 'headers': {'Content-Type': 'text/html; charset=utf-8', 'Connection': 'keep-alive', 'Date': 'Wed, 18 Oct 2023 15:51:02 GMT', 'Access-Control-Allow-Credentials': 'false', 'Access-Control-Allow-Origin': '*', 'Cache-Control': 'no-cache', 'Referrer-Policy': 'strict-origin-when-cross-origin', 'Server': 'gunicorn', 'Strict-Transport-Security': 'max-age=31536000; includeSubDomains; preload', 'Vary': 'Accept-Encoding', 'X-Cache': 'Miss from cloudfront', 'Via': '1.1 b19fb79e44eb13a0a19db64dcbab6bbe.cloudfront.net (CloudFront)', 'X-Amz-Cf-Pop': 'SCL51-P4', 'X-Amz-Cf-Id': '1kF9UwDmPdc33MDZVxwpWQ-4vyIihalJiGur8ZmtJJs5mUXJa8m3UA=='}, 'status': 204}
2023-10-18 11:51:02,828 UTC DEBUG    builtins        Status code from response: 204
2023-10-18 11:51:02,828 UTC DEBUG    builtins        Status code param: <class 'int'>
2023-10-18 11:51:02,828 UTC DEBUG    builtins        Status code response: <class 'int'>
2023-10-18 11:51:02,828 UTC DEBUG    builtins        Scenario tags: ['comment_id']
2023-10-18 11:51:02,828 UTC DEBUG    builtins        Scenario Name: Verify POST project endpoint updates a comment with the name provided
2023-10-18 11:51:02,828 UTC DEBUG    builtins        HEADERS: {'Authorization': 'Bearer 7357cc39152295c3c4e1e568f90e1e1dc4a04f6a'}
2023-10-18 11:51:02,828 UTC DEBUG    builtins        URL: https://api.todoist.com/rest/v2/
2023-10-18 11:51:02,838 UTC DEBUG    builtins        JSON: {
  "content": "Comment updated",
}
2023-10-18 11:51:02,868 UTC DEBUG    builtins        After all
2023-10-18 11:51:02,868 UTC DEBUG    builtins        Resources: {'projects': [], 'sections': [], 'tasks': ['7329063798', '7329063876']}
2023-10-18 11:51:02,872 UTC DEBUG    builtins        Resource: projects
2023-10-18 11:51:02,872 UTC DEBUG    builtins        Resource: sections
2023-10-18 11:51:02,872 UTC DEBUG    builtins        Resource: tasks
2023-10-18 11:51:02,872 UTC INFO     utils.rest_client Method Name: delete
2023-10-18 11:51:02,872 UTC INFO     utils.rest_client Endpoint (URL): https://api.todoist.com/rest/v2/tasks/7329063798
2023-10-18 11:51:03,690 UTC INFO     utils.rest_client Status code: 204
2023-10-18 11:51:03,690 UTC DEBUG    utils.rest_client Request: {'User-Agent': 'python-requests/2.31.0', 'Accept-Encoding': 'gzip, deflate', 'Accept': '*/*', 'Connection': 'keep-alive', 'Authorization': 'Bearer 7357cc39152295c3c4e1e568f90e1e1dc4a04f6a', 'Cookie': 'tduser=v4.public.eyJ1c2VyX2lkIjogNDU2ODEzMTksICJleHAiOiAiMjAyMy0xMS0wMVQxNTo1MDo1OSswMDowMCJ9RMKOcQ4OJr0DhYDxAk0EW_LVKUYmIVurn0FqPaV39hUZYaHmTXrRzpS95vN4aJiwpWLbJIWJPrCHWVIKL4c0DA; csrf=ec8771e4c4aa444595a53daab9440c28', 'Content-Length': '0'}
2023-10-18 11:51:03,690 UTC INFO     utils.rest_client Response: 
2023-10-18 11:51:03,690 UTC INFO     builtins        Deleting tasks: 7329063798
2023-10-18 11:51:03,690 UTC INFO     utils.rest_client Method Name: delete
2023-10-18 11:51:03,690 UTC INFO     utils.rest_client Endpoint (URL): https://api.todoist.com/rest/v2/tasks/7329063876
2023-10-18 11:51:05,426 UTC INFO     utils.rest_client Status code: 204
2023-10-18 11:51:05,426 UTC DEBUG    utils.rest_client Request: {'User-Agent': 'python-requests/2.31.0', 'Accept-Encoding': 'gzip, deflate', 'Accept': '*/*', 'Connection': 'keep-alive', 'Authorization': 'Bearer 7357cc39152295c3c4e1e568f90e1e1dc4a04f6a', 'Cookie': 'tduser=v4.public.eyJ1c2VyX2lkIjogNDU2ODEzMTksICJleHAiOiAiMjAyMy0xMS0wMVQxNTo1MDo1OSswMDowMCJ9RMKOcQ4OJr0DhYDxAk0EW_LVKUYmIVurn0FqPaV39hUZYaHmTXrRzpS95vN4aJiwpWLbJIWJPrCHWVIKL4c0DA; csrf=ec8771e4c4aa444595a53daab9440c28', 'Content-Length': '0'}
2023-10-18 11:51:05,428 UTC INFO     utils.rest_client Response: 
2023-10-18 11:51:05,428 UTC INFO     builtins        Deleting tasks: 7329063876
