2023-10-15 20:12:47,201 UTC DEBUG    builtins        Headers before feature: {'Authorization': 'Bearer 7357cc39152295c3c4e1e568f90e1e1dc4a04f6a'}
2023-10-15 20:12:47,201 UTC INFO     utils.rest_client Method Name: get
2023-10-15 20:12:47,201 UTC INFO     utils.rest_client Endpoint (URL): https://api.todoist.com/rest/v2/projects
2023-10-15 20:12:50,094 UTC INFO     utils.rest_client Status code: 200
2023-10-15 20:12:50,094 UTC DEBUG    utils.rest_client Request: {'User-Agent': 'python-requests/2.31.0', 'Accept-Encoding': 'gzip, deflate', 'Accept': '*/*', 'Connection': 'keep-alive', 'Authorization': 'Bearer 7357cc39152295c3c4e1e568f90e1e1dc4a04f6a'}
2023-10-15 20:12:50,094 UTC INFO     utils.rest_client Response: [
	{
		"id": "2319574915",
		"parent_id": null,
		"order": 0,
		"color": "charcoal",
		"name": "Inbox",
		"comment_count": 0,
		"is_shared": false,
		"is_favorite": false,
		"is_inbox_project": true,
		"is_team_inbox": false,
		"url": "https://todoist.com/showProject?id=2319574915",
		"view_style": "list"
	},
	{
		"id": "2321526644",
		"parent_id": null,
		"order": 4,
		"color": "charcoal",
		"name": "Project 2",
		"comment_count": 0,
		"is_shared": false,
		"is_favorite": false,
		"is_inbox_project": false,
		"is_team_inbox": false,
		"url": "https://todoist.com/showProject?id=2321526644",
		"view_style": "list"
	}
]

2023-10-15 20:12:50,111 UTC DEBUG    builtins        {'body': [{'id': '2319574915', 'parent_id': None, 'order': 0, 'color': 'charcoal', 'name': 'Inbox', 'comment_count': 0, 'is_shared': False, 'is_favorite': False, 'is_inbox_project': True, 'is_team_inbox': False, 'url': 'https://todoist.com/showProject?id=2319574915', 'view_style': 'list'}, {'id': '2321526644', 'parent_id': None, 'order': 4, 'color': 'charcoal', 'name': 'Project 2', 'comment_count': 0, 'is_shared': False, 'is_favorite': False, 'is_inbox_project': False, 'is_team_inbox': False, 'url': 'https://todoist.com/showProject?id=2321526644', 'view_style': 'list'}], 'headers': {'Content-Type': 'application/json', 'Content-Length': '626', 'Connection': 'keep-alive', 'Date': 'Mon, 16 Oct 2023 00:12:49 GMT', 'Access-Control-Allow-Credentials': 'false', 'Access-Control-Allow-Origin': '*', 'Referrer-Policy': 'strict-origin-when-cross-origin', 'Server': 'gunicorn', 'Set-Cookie': 'csrf=82bdaa628c3841a0bd3b61a139674401; Expires=Thu, 13-Oct-2033 00:12:47 GMT; Secure; Path=/; SameSite=None, tduser=v4.public.eyJ1c2VyX2lkIjogNDU2ODEzMTksICJleHAiOiAiMjAyMy0xMC0zMFQwMDoxMjo0OCswMDowMCJ985bNEAWr_8WJtvpgThtf5ouvLZo5Lh62ja-Bjd2ErKwWzUXfuzlTza5OIakb2EACyL2Uzq6KEm9vHEm2QY0LBw; Domain=.todoist.com; Expires=Mon, 30-Oct-2023 00:12:48 GMT; Max-Age=1209600; Secure; HttpOnly; Path=/', 'Strict-Transport-Security': 'max-age=31536000; includeSubDomains; preload', 'Vary': 'Accept-Encoding', 'X-Cache': 'Miss from cloudfront', 'Via': '1.1 54047533b7fa27ed15b807424b8db42e.cloudfront.net (CloudFront)', 'X-Amz-Cf-Pop': 'SCL51-P2', 'X-Amz-Cf-Id': 'W51q74c3RM9gwdJW0fIb1T1VManaNOu7AnCiWLmPLkwpq02YK5lWTQ=='}, 'status': 200}
2023-10-15 20:12:50,111 UTC DEBUG    builtins        Scenario tags: ['project_id', 'tt']
2023-10-15 20:12:50,111 UTC DEBUG    builtins        Scenario Name: Verify GET one projects is returning all data correctly
2023-10-15 20:12:50,111 UTC INFO     utils.rest_client Method Name: post
2023-10-15 20:12:50,111 UTC INFO     utils.rest_client Endpoint (URL): https://api.todoist.com/rest/v2/projects
2023-10-15 20:12:52,340 UTC INFO     utils.rest_client Status code: 200
2023-10-15 20:12:52,340 UTC DEBUG    utils.rest_client Request: {'User-Agent': 'python-requests/2.31.0', 'Accept-Encoding': 'gzip, deflate', 'Accept': '*/*', 'Connection': 'keep-alive', 'Authorization': 'Bearer 7357cc39152295c3c4e1e568f90e1e1dc4a04f6a', 'Cookie': 'tduser=v4.public.eyJ1c2VyX2lkIjogNDU2ODEzMTksICJleHAiOiAiMjAyMy0xMC0zMFQwMDoxMjo0OCswMDowMCJ985bNEAWr_8WJtvpgThtf5ouvLZo5Lh62ja-Bjd2ErKwWzUXfuzlTza5OIakb2EACyL2Uzq6KEm9vHEm2QY0LBw; csrf=82bdaa628c3841a0bd3b61a139674401', 'Content-Length': '14', 'Content-Type': 'application/x-www-form-urlencoded'}
2023-10-15 20:12:52,340 UTC INFO     utils.rest_client Response: {
	"id": "2322014538",
	"parent_id": null,
	"order": 5,
	"color": "charcoal",
	"name": "project x",
	"comment_count": 0,
	"is_shared": false,
	"is_favorite": false,
	"is_inbox_project": false,
	"is_team_inbox": false,
	"url": "https://todoist.com/showProject?id=2322014538",
	"view_style": "list"
}

2023-10-15 20:12:52,340 UTC DEBUG    builtins        Project id created: 2322014538
2023-10-15 20:12:52,340 UTC DEBUG    builtins        HEADERS: {'Authorization': 'Bearer 7357cc39152295c3c4e1e568f90e1e1dc4a04f6a'}
2023-10-15 20:12:52,340 UTC DEBUG    builtins        URL: https://api.todoist.com/rest/v2/
2023-10-15 20:12:52,340 UTC INFO     utils.rest_client Method Name: get
2023-10-15 20:12:52,340 UTC INFO     utils.rest_client Endpoint (URL): https://api.todoist.com/rest/v2/projects/2322014538
2023-10-15 20:12:53,932 UTC INFO     utils.rest_client Status code: 200
2023-10-15 20:12:53,933 UTC DEBUG    utils.rest_client Request: {'User-Agent': 'python-requests/2.31.0', 'Accept-Encoding': 'gzip, deflate', 'Accept': '*/*', 'Connection': 'keep-alive', 'Authorization': 'Bearer 7357cc39152295c3c4e1e568f90e1e1dc4a04f6a', 'Cookie': 'tduser=v4.public.eyJ1c2VyX2lkIjogNDU2ODEzMTksICJleHAiOiAiMjAyMy0xMC0zMFQwMDoxMjo0OCswMDowMCJ985bNEAWr_8WJtvpgThtf5ouvLZo5Lh62ja-Bjd2ErKwWzUXfuzlTza5OIakb2EACyL2Uzq6KEm9vHEm2QY0LBw; csrf=82bdaa628c3841a0bd3b61a139674401'}
2023-10-15 20:12:53,933 UTC INFO     utils.rest_client Response: {
	"id": "2322014538",
	"parent_id": null,
	"order": 5,
	"color": "charcoal",
	"name": "project x",
	"comment_count": 0,
	"is_shared": false,
	"is_favorite": false,
	"is_inbox_project": false,
	"is_team_inbox": false,
	"url": "https://todoist.com/showProject?id=2322014538",
	"view_style": "list"
}

2023-10-15 20:12:53,933 UTC DEBUG    builtins        Response: {'body': {'id': '2322014538', 'parent_id': None, 'order': 5, 'color': 'charcoal', 'name': 'project x', 'comment_count': 0, 'is_shared': False, 'is_favorite': False, 'is_inbox_project': False, 'is_team_inbox': False, 'url': 'https://todoist.com/showProject?id=2322014538', 'view_style': 'list'}, 'headers': {'Content-Type': 'application/json', 'Content-Length': '299', 'Connection': 'keep-alive', 'Date': 'Mon, 16 Oct 2023 00:12:53 GMT', 'Access-Control-Allow-Credentials': 'false', 'Access-Control-Allow-Origin': '*', 'Referrer-Policy': 'strict-origin-when-cross-origin', 'Server': 'gunicorn', 'Strict-Transport-Security': 'max-age=31536000; includeSubDomains; preload', 'Vary': 'Accept-Encoding', 'X-Cache': 'Miss from cloudfront', 'Via': '1.1 54047533b7fa27ed15b807424b8db42e.cloudfront.net (CloudFront)', 'X-Amz-Cf-Pop': 'SCL51-P2', 'X-Amz-Cf-Id': 'nvgcGqAp3RHlyID8FHYxIFliOVpv4xrMaUV5LtFsVwxiubBdcMbfHA=='}, 'status': 200}
2023-10-15 20:12:53,938 UTC DEBUG    builtins        Status code from response: 200
2023-10-15 20:12:53,938 UTC DEBUG    builtins        Status code param: <class 'int'>
2023-10-15 20:12:53,938 UTC DEBUG    builtins        Status code response: <class 'int'>
2023-10-15 20:12:53,938 UTC DEBUG    utils.validate_response Reading file: C:\Users\claudia.aparicio\Documents\API_Automation_course_JALA\bdd_auto/input_data/projects_get_200.json
2023-10-15 20:12:53,938 UTC DEBUG    utils.validate_response Content of JSON file: {'request': {'method': 'GET', 'url': '/projects'}, 'response': {'body': {'id': '2321078760', 'parent_id': None, 'order': 25, 'color': 'charcoal', 'name': 'Project 0', 'comment_count': 0, 'is_shared': False, 'is_favorite': False, 'is_inbox_project': False, 'is_team_inbox': False, 'url': 'https://todoist.com/showProject?id=2321078760', 'view_style': 'list'}, 'headers': {'Content-type': 'application/json'}, 'status': 200}}
2023-10-15 20:12:53,938 UTC DEBUG    utils.validate_response Validating status:
2023-10-15 20:12:53,938 UTC DEBUG    utils.validate_response Validating headers:
2023-10-15 20:12:53,938 UTC DEBUG    utils.validate_response Validating body:
2023-10-15 20:12:53,938 UTC DEBUG    utils.validate_response Key 'id' found in Json2
2023-10-15 20:12:53,938 UTC DEBUG    utils.validate_response Key 'parent_id' found in Json2
2023-10-15 20:12:53,938 UTC DEBUG    utils.validate_response Key 'order' found in Json2
2023-10-15 20:12:53,938 UTC DEBUG    utils.validate_response Key 'color' found in Json2
2023-10-15 20:12:53,938 UTC DEBUG    utils.validate_response Key 'name' found in Json2
2023-10-15 20:12:53,954 UTC DEBUG    utils.validate_response Key 'comment_count' found in Json2
2023-10-15 20:12:53,954 UTC DEBUG    utils.validate_response Key 'is_shared' found in Json2
2023-10-15 20:12:53,954 UTC DEBUG    utils.validate_response Key 'is_favorite' found in Json2
2023-10-15 20:12:53,954 UTC DEBUG    utils.validate_response Key 'is_inbox_project' found in Json2
2023-10-15 20:12:53,954 UTC DEBUG    utils.validate_response Key 'is_team_inbox' found in Json2
2023-10-15 20:12:53,954 UTC DEBUG    utils.validate_response Key 'url' found in Json2
2023-10-15 20:12:53,954 UTC DEBUG    utils.validate_response Key 'view_style' found in Json2
2023-10-15 20:12:53,970 UTC INFO     utils.rest_client Method Name: delete
2023-10-15 20:12:53,970 UTC INFO     utils.rest_client Endpoint (URL): https://api.todoist.com/rest/v2/projects/2322014538
2023-10-15 20:12:54,881 UTC INFO     utils.rest_client Status code: 204
2023-10-15 20:12:54,881 UTC DEBUG    utils.rest_client Request: {'User-Agent': 'python-requests/2.31.0', 'Accept-Encoding': 'gzip, deflate', 'Accept': '*/*', 'Connection': 'keep-alive', 'Authorization': 'Bearer 7357cc39152295c3c4e1e568f90e1e1dc4a04f6a', 'Cookie': 'tduser=v4.public.eyJ1c2VyX2lkIjogNDU2ODEzMTksICJleHAiOiAiMjAyMy0xMC0zMFQwMDoxMjo0OCswMDowMCJ985bNEAWr_8WJtvpgThtf5ouvLZo5Lh62ja-Bjd2ErKwWzUXfuzlTza5OIakb2EACyL2Uzq6KEm9vHEm2QY0LBw; csrf=82bdaa628c3841a0bd3b61a139674401', 'Content-Length': '0'}
2023-10-15 20:12:54,881 UTC INFO     utils.rest_client Response: 
2023-10-15 20:12:54,881 UTC INFO     builtins        Deleting project: 2322014538
