2023-10-16 14:53:15,306 UTC DEBUG    builtins        Headers before feature: {'Authorization': 'Bearer 7357cc39152295c3c4e1e568f90e1e1dc4a04f6a'}
2023-10-16 14:53:15,306 UTC INFO     utils.rest_client Method Name: get
2023-10-16 14:53:15,306 UTC INFO     utils.rest_client Endpoint (URL): https://api.todoist.com/rest/v2/projects
2023-10-16 14:53:16,172 UTC INFO     utils.rest_client Status code: 200
2023-10-16 14:53:16,176 UTC DEBUG    utils.rest_client Request: {'User-Agent': 'python-requests/2.31.0', 'Accept-Encoding': 'gzip, deflate', 'Accept': '*/*', 'Connection': 'keep-alive', 'Authorization': 'Bearer 7357cc39152295c3c4e1e568f90e1e1dc4a04f6a'}
2023-10-16 14:53:16,181 UTC INFO     utils.rest_client Response: [
	{
		"id": "2319574915",
		"parent_id": null,
		"order": 0,
		"color": "charcoal",
		"name": "Inbox",
		"comment_count": 0,
		"is_shared": false,
		"is_favorite": false,
		"is_inbox_project": true,
		"is_team_inbox": false,
		"url": "https://todoist.com/showProject?id=2319574915",
		"view_style": "list"
	},
	{
		"id": "2321526644",
		"parent_id": null,
		"order": 4,
		"color": "charcoal",
		"name": "Project 2",
		"comment_count": 0,
		"is_shared": false,
		"is_favorite": false,
		"is_inbox_project": false,
		"is_team_inbox": false,
		"url": "https://todoist.com/showProject?id=2321526644",
		"view_style": "list"
	}
]

2023-10-16 14:53:16,186 UTC DEBUG    builtins        {'body': [{'id': '2319574915', 'parent_id': None, 'order': 0, 'color': 'charcoal', 'name': 'Inbox', 'comment_count': 0, 'is_shared': False, 'is_favorite': False, 'is_inbox_project': True, 'is_team_inbox': False, 'url': 'https://todoist.com/showProject?id=2319574915', 'view_style': 'list'}, {'id': '2321526644', 'parent_id': None, 'order': 4, 'color': 'charcoal', 'name': 'Project 2', 'comment_count': 0, 'is_shared': False, 'is_favorite': False, 'is_inbox_project': False, 'is_team_inbox': False, 'url': 'https://todoist.com/showProject?id=2321526644', 'view_style': 'list'}], 'headers': {'Content-Type': 'application/json', 'Content-Length': '626', 'Connection': 'keep-alive', 'Date': 'Mon, 16 Oct 2023 18:53:15 GMT', 'Access-Control-Allow-Credentials': 'false', 'Access-Control-Allow-Origin': '*', 'Referrer-Policy': 'strict-origin-when-cross-origin', 'Server': 'gunicorn', 'Set-Cookie': 'csrf=98f47f5b5e9f450fbf41296e935d137a; Expires=Thu, 13-Oct-2033 18:53:15 GMT; Secure; Path=/; SameSite=None, tduser=v4.public.eyJ1c2VyX2lkIjogNDU2ODEzMTksICJleHAiOiAiMjAyMy0xMC0zMFQxODo1MzoxNSswMDowMCJ9QCv401B9KMShn981mjtjg4uVd5Qvov5LDr1TUilOCkXycf03PQwpeLWxgc7dTL1P2OPkRUs_vSNHDrr_4USSBA; Domain=.todoist.com; Expires=Mon, 30-Oct-2023 18:53:15 GMT; Max-Age=1209600; Secure; HttpOnly; Path=/', 'Strict-Transport-Security': 'max-age=31536000; includeSubDomains; preload', 'Vary': 'Accept-Encoding', 'X-Cache': 'Miss from cloudfront', 'Via': '1.1 b69ab3c1a510b8b902071c2300c86074.cloudfront.net (CloudFront)', 'X-Amz-Cf-Pop': 'SCL51-P2', 'X-Amz-Cf-Id': 'gyTlUaRFgAfyqTk57OAk8G_6loH8utkZub1vZYyKhcf59pl2XYo9uQ=='}, 'status': 200}
2023-10-16 14:53:16,204 UTC DEBUG    builtins        Scenario tags: ['task', 'ttt']
2023-10-16 14:53:16,204 UTC DEBUG    builtins        Scenario Name: Verify GET all tasks is returning all data correctly
2023-10-16 14:53:16,206 UTC DEBUG    builtins        HEADERS: {'Authorization': 'Bearer 7357cc39152295c3c4e1e568f90e1e1dc4a04f6a'}
2023-10-16 14:53:16,206 UTC DEBUG    builtins        URL: https://api.todoist.com/rest/v2/
2023-10-16 14:53:16,206 UTC INFO     utils.rest_client Method Name: get
2023-10-16 14:53:16,206 UTC INFO     utils.rest_client Endpoint (URL): https://api.todoist.com/rest/v2/tasks
2023-10-16 14:53:17,047 UTC INFO     utils.rest_client Status code: 200
2023-10-16 14:53:17,047 UTC DEBUG    utils.rest_client Request: {'User-Agent': 'python-requests/2.31.0', 'Accept-Encoding': 'gzip, deflate', 'Accept': '*/*', 'Connection': 'keep-alive', 'Authorization': 'Bearer 7357cc39152295c3c4e1e568f90e1e1dc4a04f6a', 'Cookie': 'tduser=v4.public.eyJ1c2VyX2lkIjogNDU2ODEzMTksICJleHAiOiAiMjAyMy0xMC0zMFQxODo1MzoxNSswMDowMCJ9QCv401B9KMShn981mjtjg4uVd5Qvov5LDr1TUilOCkXycf03PQwpeLWxgc7dTL1P2OPkRUs_vSNHDrr_4USSBA; csrf=98f47f5b5e9f450fbf41296e935d137a'}
2023-10-16 14:53:17,066 UTC DEBUG    builtins        Status code from response: 200
2023-10-16 14:53:17,066 UTC DEBUG    builtins        Status code param: <class 'int'>
2023-10-16 14:53:17,066 UTC DEBUG    builtins        Status code response: <class 'int'>
