2023-10-16 12:42:32,274 UTC DEBUG    builtins        Headers before feature: {'Authorization': 'Bearer 7357cc39152295c3c4e1e568f90e1e1dc4a04f6a'}
2023-10-16 12:42:32,274 UTC INFO     utils.rest_client Method Name: get
2023-10-16 12:42:32,274 UTC INFO     utils.rest_client Endpoint (URL): https://api.todoist.com/rest/v2/projects
2023-10-16 12:42:33,104 UTC INFO     utils.rest_client Status code: 200
2023-10-16 12:42:33,104 UTC DEBUG    utils.rest_client Request: {'User-Agent': 'python-requests/2.31.0', 'Accept-Encoding': 'gzip, deflate', 'Accept': '*/*', 'Connection': 'keep-alive', 'Authorization': 'Bearer 7357cc39152295c3c4e1e568f90e1e1dc4a04f6a'}
2023-10-16 12:42:33,114 UTC INFO     utils.rest_client Response: [
	{
		"id": "2319574915",
		"parent_id": null,
		"order": 0,
		"color": "charcoal",
		"name": "Inbox",
		"comment_count": 0,
		"is_shared": false,
		"is_favorite": false,
		"is_inbox_project": true,
		"is_team_inbox": false,
		"url": "https://todoist.com/showProject?id=2319574915",
		"view_style": "list"
	},
	{
		"id": "2321526644",
		"parent_id": null,
		"order": 4,
		"color": "charcoal",
		"name": "Project 2",
		"comment_count": 0,
		"is_shared": false,
		"is_favorite": false,
		"is_inbox_project": false,
		"is_team_inbox": false,
		"url": "https://todoist.com/showProject?id=2321526644",
		"view_style": "list"
	}
]

2023-10-16 12:42:33,121 UTC DEBUG    builtins        {'body': [{'id': '2319574915', 'parent_id': None, 'order': 0, 'color': 'charcoal', 'name': 'Inbox', 'comment_count': 0, 'is_shared': False, 'is_favorite': False, 'is_inbox_project': True, 'is_team_inbox': False, 'url': 'https://todoist.com/showProject?id=2319574915', 'view_style': 'list'}, {'id': '2321526644', 'parent_id': None, 'order': 4, 'color': 'charcoal', 'name': 'Project 2', 'comment_count': 0, 'is_shared': False, 'is_favorite': False, 'is_inbox_project': False, 'is_team_inbox': False, 'url': 'https://todoist.com/showProject?id=2321526644', 'view_style': 'list'}], 'headers': {'Content-Type': 'application/json', 'Content-Length': '626', 'Connection': 'keep-alive', 'Date': 'Mon, 16 Oct 2023 16:42:32 GMT', 'Access-Control-Allow-Credentials': 'false', 'Access-Control-Allow-Origin': '*', 'Referrer-Policy': 'strict-origin-when-cross-origin', 'Server': 'gunicorn', 'Set-Cookie': 'csrf=c0357a26f56642d08fbf1f020fbc4b84; Expires=Thu, 13-Oct-2033 16:42:32 GMT; Secure; Path=/; SameSite=None, tduser=v4.public.eyJ1c2VyX2lkIjogNDU2ODEzMTksICJleHAiOiAiMjAyMy0xMC0zMFQxNjo0MjozMiswMDowMCJ9_CCr1Q9sc_aYsZavfe0cde6jmDDo2iqf6ggePCXN9rG82Ohs5VIr3acMwvMZuEQlCdwMVJ7rqmPlkY_wiJckCg; Domain=.todoist.com; Expires=Mon, 30-Oct-2023 16:42:32 GMT; Max-Age=1209600; Secure; HttpOnly; Path=/', 'Strict-Transport-Security': 'max-age=31536000; includeSubDomains; preload', 'Vary': 'Accept-Encoding', 'X-Cache': 'Miss from cloudfront', 'Via': '1.1 ac7539c801ec1fecf6990ce0e54cdeae.cloudfront.net (CloudFront)', 'X-Amz-Cf-Pop': 'SCL51-P2', 'X-Amz-Cf-Id': '8nsYCxBpLgl2XZyZbr4S04XGuSReoOx5LkIKRMX7nPmGuKuGietfmQ=='}, 'status': 200}
2023-10-16 12:42:33,134 UTC DEBUG    builtins        Scenario tags: ['task_id', 'ttt']
2023-10-16 12:42:33,134 UTC DEBUG    builtins        Scenario Name: Verify GET one tasks is returning all data correctly
2023-10-16 12:42:33,141 UTC DEBUG    builtins        HEADERS: {'Authorization': 'Bearer 7357cc39152295c3c4e1e568f90e1e1dc4a04f6a'}
2023-10-16 12:42:33,141 UTC DEBUG    builtins        URL: https://api.todoist.com/rest/v2/
